#
# A fatal error has been detected by the Java Runtime Environment:
#
#  EXCEPTION_ACCESS_VIOLATION (0xc0000005) at pc=0x00000000029c3960, pid=12240, tid=9852
#
# JRE version: Java(TM) SE Runtime Environment (8.0_91-b15) (build 1.8.0_91-b15)
# Java VM: Java HotSpot(TM) 64-Bit Server VM (25.91-b15 mixed mode windows-amd64 compressed oops)
# Problematic frame:
# j  org.yournamehere.client.CardNumberTextBox.handleKeypress(Lcom/google/gwt/user/client/Event;)V+8
#
# Failed to write core dump. Minidumps are not enabled by default on client versions of Windows
#
# If you would like to submit a bug report, please visit:
#   http://bugreport.java.com/bugreport/crash.jsp
#

---------------  T H R E A D  ---------------

Current thread (0x000000001686f000):  JavaThread "Code server for org.yournamehere.Main from Mozilla/5.0 (Windows NT 6.1; WOW64; rv:24.0) Gecko/20100101 Firefox/24.0 on http://127.0.0.1:8888/welcomeGWT.html?gwt.codesvr=127.0.0.1:9997 @ }XVLn;AqJfV&+;pJ" daemon [_thread_in_Java, id=9852, stack(0x0000000020650000,0x0000000020750000)]

siginfo: ExceptionCode=0xc0000005, reading address 0x0000000017ec22f8

Registers:
RAX=0x0000000000000000, RBX=0x00000000000000b8, RCX=0x0000000017d2df08, RDX=0x000000000003287c
RSP=0x000000002074d760, RBP=0x000000002074d7a8, RSI=0x0000000080001320, RDI=0x0000000000000031
R8 =0x000000000000000b, R9 =0x000000001e2bdfe0, R10=0x0000000050bc91f0, R11=0x000000001e4fabc0
R12=0x0000000000000000, R13=0x0000000017cc9308, R14=0x000000002074d7e8, R15=0x000000001686f000
RIP=0x00000000029c3960, EFLAGS=0x0000000000010202

Top of Stack: (sp=0x000000002074d760)
0x000000002074d760:   0000000000000440 000000002074d768
0x000000002074d770:   0000000017cc9308 000000002074d7e8
0x000000002074d780:   0000000017d2df08 0000000000000000
0x000000002074d790:   0000000017cc9410 0000000000000000
0x000000002074d7a0:   000000002074d7e0 000000002074d830
0x000000002074d7b0:   00000000029983d1 0000000000000000
0x000000002074d7c0:   0000000000000000 0000000000000000
0x000000002074d7d0:   0000000000000000 0000000000000000
0x000000002074d7e0:   00000000f7023c58 00000000f6b1f290
0x000000002074d7f0:   000000002074d7f0 0000000017cc96ed
0x000000002074d800:   000000002074d848 0000000017d2df08
0x000000002074d810:   0000000000000000 0000000017cc9718
0x000000002074d820:   000000002074d7e0 000000002074d840
0x000000002074d830:   000000002074d890 0000000002998416
0x000000002074d840:   00000000f7023c58 00000000f6b1f290
0x000000002074d850:   000000002074d850 0000000017cfb4bf 

Instructions: (pc=0x00000000029c3960)
0x00000000029c3940:   00 00 48 83 ec 10 48 89 04 24 e9 01 00 00 00 50
0x00000000029c3950:   4c 89 6d c8 41 0f b7 55 01 48 8b 4d d8 c1 e2 02
0x00000000029c3960:   8b 5c d1 10 c1 eb 10 81 e3 ff 00 00 00 81 fb b8
0x00000000029c3970:   00 00 00 0f 84 40 01 00 00 bb b8 00 00 00 e8 05 


Register to memory mapping:

RAX=0x0000000000000000 is an unknown value
RBX=0x00000000000000b8 is an unknown value
RCX=0x0000000017d2df08 is pointing into metadata
RDX=0x000000000003287c is an unknown value
RSP=0x000000002074d760 is pointing into the stack for thread: 0x000000001686f000
RBP=0x000000002074d7a8 is pointing into the stack for thread: 0x000000001686f000
RSI=0x0000000080001320 is pointing into metadata
RDI=0x0000000000000031 is an unknown value
R8 =0x000000000000000b is an unknown value
R9 =0x000000001e2bdfe0 is an unknown value
R10=0x0000000050bc91f0 is an unknown value
R11=0x000000001e4fabc0 is an unknown value
R12=0x0000000000000000 is an unknown value
R13=0x0000000017cc9308 is pointing into metadata
R14=0x000000002074d7e8 is pointing into the stack for thread: 0x000000001686f000
R15=0x000000001686f000 is a thread


Stack: [0x0000000020650000,0x0000000020750000],  sp=0x000000002074d760,  free space=1013k
Native frames: (J=compiled Java code, j=interpreted, Vv=VM code, C=native code)
C  0x00000000029c3960


---------------  P R O C E S S  ---------------

Java Threads: ( => current thread )
=>0x000000001686f000 JavaThread "Code server for org.yournamehere.Main from Mozilla/5.0 (Windows NT 6.1; WOW64; rv:24.0) Gecko/20100101 Firefox/24.0 on http://127.0.0.1:8888/welcomeGWT.html?gwt.codesvr=127.0.0.1:9997 @ }XVLn;AqJfV&+;pJ" daemon [_thread_in_Java, id=9852, stack(0x0000000020650000,0x0000000020750000)]
  0x000000001686e000 JavaThread "btpool0-2" [_thread_blocked, id=10088, stack(0x0000000020530000,0x0000000020630000)]
  0x000000001686d800 JavaThread "TimerQueue" daemon [_thread_blocked, id=3212, stack(0x000000001ef40000,0x000000001f040000)]
  0x000000001686c800 JavaThread "Timer-0" daemon [_thread_blocked, id=5884, stack(0x000000001c750000,0x000000001c850000)]
  0x000000001686c000 JavaThread "btpool0-1" [_thread_blocked, id=5692, stack(0x000000001da30000,0x000000001db30000)]
  0x000000001686b000 JavaThread "btpool0-0 - Acceptor0 SelectChannelConnector@127.0.0.1:8888" [_thread_in_native, id=11464, stack(0x000000001ee40000,0x000000001ef40000)]
  0x00000000168dd800 JavaThread "Code server listener" daemon [_thread_in_native, id=3960, stack(0x000000001a5a0000,0x000000001a6a0000)]
  0x00000000168ca000 JavaThread "D3D Screen Updater" daemon [_thread_blocked, id=9404, stack(0x000000001c240000,0x000000001c340000)]
  0x00000000166af800 JavaThread "org.netbeans.modules.debugger.jpda.visual AWT Access Loop" daemon [_thread_blocked, id=5636, stack(0x00000000178b0000,0x00000000179b0000)]
  0x00000000166e6800 JavaThread "AWT-EventQueue-0" [_thread_blocked, id=10304, stack(0x00000000176a0000,0x00000000177a0000)]
  0x00000000166e0800 JavaThread "AWT-Windows" daemon [_thread_in_native, id=9304, stack(0x0000000017080000,0x0000000017180000)]
  0x00000000166df800 JavaThread "AWT-Shutdown" [_thread_blocked, id=11240, stack(0x0000000016140000,0x0000000016240000)]
  0x00000000166d8800 JavaThread "Java2D Disposer" daemon [_thread_blocked, id=9484, stack(0x0000000016e10000,0x0000000016f10000)]
  0x0000000015236800 JavaThread "Service Thread" daemon [_thread_blocked, id=11816, stack(0x00000000162a0000,0x00000000163a0000)]
  0x00000000151cc000 JavaThread "C1 CompilerThread2" daemon [_thread_blocked, id=5484, stack(0x0000000015f00000,0x0000000016000000)]
  0x00000000151c8000 JavaThread "C2 CompilerThread1" daemon [_thread_blocked, id=9220, stack(0x0000000016010000,0x0000000016110000)]
  0x00000000151c1800 JavaThread "C2 CompilerThread0" daemon [_thread_blocked, id=5536, stack(0x0000000015d70000,0x0000000015e70000)]
  0x00000000151b5000 JavaThread "JDWP Command Reader" daemon [_thread_in_native, id=10372, stack(0x0000000015c30000,0x0000000015d30000)]
  0x00000000151b2000 JavaThread "JDWP Event Helper Thread" daemon [_thread_blocked, id=5880, stack(0x00000000159d0000,0x0000000015ad0000)]
  0x0000000013d7e000 JavaThread "JDWP Transport Listener: dt_socket" daemon [_thread_blocked, id=5408, stack(0x0000000015ad0000,0x0000000015bd0000)]
  0x0000000013d79800 JavaThread "Attach Listener" daemon [_thread_blocked, id=9888, stack(0x0000000015810000,0x0000000015910000)]
  0x0000000013d78000 JavaThread "Signal Dispatcher" daemon [_thread_blocked, id=1132, stack(0x00000000155e0000,0x00000000156e0000)]
  0x0000000013d5d800 JavaThread "Finalizer" daemon [_thread_blocked, id=4300, stack(0x00000000150a0000,0x00000000151a0000)]
  0x0000000013d16800 JavaThread "Reference Handler" daemon [_thread_blocked, id=9816, stack(0x0000000014f80000,0x0000000015080000)]
  0x00000000023fa000 JavaThread "main" [_thread_blocked, id=7704, stack(0x00000000025c0000,0x00000000026c0000)]

Other Threads:
  0x0000000013d0d000 VMThread [stack: 0x0000000014db0000,0x0000000014eb0000] [id=10928]
  0x000000001524b000 WatcherThread [stack: 0x0000000016450000,0x0000000016550000] [id=10248]

VM state:not at safepoint (normal execution)

VM Mutex/Monitor currently owned by a thread: None

Heap:
 PSYoungGen      total 105472K, used 27519K [0x00000000f5580000, 0x00000000ffa80000, 0x0000000100000000)
  eden space 80384K, 34% used [0x00000000f5580000,0x00000000f705fc60,0x00000000fa400000)
  from space 25088K, 0% used [0x00000000fa400000,0x00000000fa400000,0x00000000fbc80000)
  to   space 27136K, 0% used [0x00000000fe000000,0x00000000fe000000,0x00000000ffa80000)
 ParOldGen       total 65536K, used 19775K [0x00000000e0000000, 0x00000000e4000000, 0x00000000f5580000)
  object space 65536K, 30% used [0x00000000e0000000,0x00000000e134ff50,0x00000000e4000000)
 Metaspace       used 30615K, capacity 30948K, committed 31232K, reserved 1077248K
  class space    used 3426K, capacity 3537K, committed 3584K, reserved 1048576K

Card table byte_map: [0x0000000011d50000,0x0000000011e60000] byte_map_base: 0x0000000011650000

Marking Bits: (ParMarkBitMap*) 0x0000000050be2f70
 Begin Bits: [0x0000000012380000, 0x0000000012b80000)
 End Bits:   [0x0000000012b80000, 0x0000000013380000)

Polling page: 0x0000000000130000

CodeCache: size=245760Kb used=20171Kb max_used=20305Kb free=225588Kb
 bounds [0x0000000002990000, 0x0000000003d70000, 0x0000000011990000]
 total_blobs=5780 nmethods=5177 adapters=520
 compilation: enabled

Compilation events (10 events):
Event: 16.175 Thread 0x00000000151cc000 nmethod 5516 0x0000000003d03c50 code [0x0000000003d03f00, 0x0000000003d05108]
Event: 16.295 Thread 0x00000000151cc000 5517       3       java.io.DataOutputStream::writeInt (65 bytes)
Event: 16.296 Thread 0x00000000151cc000 nmethod 5517 0x0000000003d03390 code [0x0000000003d03540, 0x0000000003d03a98]
Event: 16.397 Thread 0x00000000151cc000 5518  s    3       com.google.gwt.dev.util.log.AbstractTreeLogger::log (56 bytes)
Event: 16.398 Thread 0x00000000151cc000 nmethod 5518 0x0000000003d0e110 code [0x0000000003d0e340, 0x0000000003d0f6f8]
Event: 17.551 Thread 0x00000000151cc000 5519       3       java.util.Collections$EmptyList::toArray (11 bytes)
Event: 17.552 Thread 0x00000000151cc000 nmethod 5519 0x0000000003d02e10 code [0x0000000003d02f80, 0x0000000003d03270]
Event: 18.784 Thread 0x00000000151c1800 nmethod 4978% 0x0000000003d31e50 code [0x0000000003d331a0, 0x0000000003d53f80]
Event: 19.532 Thread 0x00000000151cc000 5520       3       org.netbeans.modules.debugger.jpda.visual.remote.RemoteAWTService::access$400 (4 bytes)
Event: 19.532 Thread 0x00000000151cc000 nmethod 5520 0x0000000003d02b10 code [0x0000000003d02c60, 0x0000000003d02d90]

GC Heap History (10 events):
Event: 11.458 GC heap before
{Heap before GC invocations=10 (full 1):
 PSYoungGen      total 64512K, used 64490K [0x00000000f5580000, 0x00000000fa580000, 0x0000000100000000)
  eden space 57344K, 100% used [0x00000000f5580000,0x00000000f8d80000,0x00000000f8d80000)
  from space 7168K, 99% used [0x00000000f9800000,0x00000000f9efaae0,0x00000000f9f00000)
  to   space 10752K, 0% used [0x00000000f8d80000,0x00000000f8d80000,0x00000000f9800000)
 ParOldGen       total 29696K, used 16072K [0x00000000e0000000, 0x00000000e1d00000, 0x00000000f5580000)
  object space 29696K, 54% used [0x00000000e0000000,0x00000000e0fb2360,0x00000000e1d00000)
 Metaspace       used 27176K, capacity 27446K, committed 27776K, reserved 1073152K
  class space    used 3096K, capacity 3168K, committed 3200K, reserved 1048576K
Event: 11.489 GC heap after
Heap after GC invocations=10 (full 1):
 PSYoungGen      total 68096K, used 10724K [0x00000000f5580000, 0x00000000fce80000, 0x0000000100000000)
  eden space 57344K, 0% used [0x00000000f5580000,0x00000000f5580000,0x00000000f8d80000)
  from space 10752K, 99% used [0x00000000f8d80000,0x00000000f97f9068,0x00000000f9800000)
  to   space 18432K, 0% used [0x00000000fbc80000,0x00000000fbc80000,0x00000000fce80000)
 ParOldGen       total 32256K, used 31841K [0x00000000e0000000, 0x00000000e1f80000, 0x00000000f5580000)
  object space 32256K, 98% used [0x00000000e0000000,0x00000000e1f187d0,0x00000000e1f80000)
 Metaspace       used 27176K, capacity 27446K, committed 27776K, reserved 1073152K
  class space    used 3096K, capacity 3168K, committed 3200K, reserved 1048576K
}
Event: 11.489 GC heap before
{Heap before GC invocations=11 (full 2):
 PSYoungGen      total 68096K, used 10724K [0x00000000f5580000, 0x00000000fce80000, 0x0000000100000000)
  eden space 57344K, 0% used [0x00000000f5580000,0x00000000f5580000,0x00000000f8d80000)
  from space 10752K, 99% used [0x00000000f8d80000,0x00000000f97f9068,0x00000000f9800000)
  to   space 18432K, 0% used [0x00000000fbc80000,0x00000000fbc80000,0x00000000fce80000)
 ParOldGen       total 32256K, used 31841K [0x00000000e0000000, 0x00000000e1f80000, 0x00000000f5580000)
  object space 32256K, 98% used [0x00000000e0000000,0x00000000e1f187d0,0x00000000e1f80000)
 Metaspace       used 27176K, capacity 27446K, committed 27776K, reserved 1073152K
  class space    used 3096K, capacity 3168K, committed 3200K, reserved 1048576K
Event: 11.602 GC heap after
Heap after GC invocations=11 (full 2):
 PSYoungGen      total 68096K, used 0K [0x00000000f5580000, 0x00000000fce80000, 0x0000000100000000)
  eden space 57344K, 0% used [0x00000000f5580000,0x00000000f5580000,0x00000000f8d80000)
  from space 10752K, 0% used [0x00000000f8d80000,0x00000000f8d80000,0x00000000f9800000)
  to   space 18432K, 0% used [0x00000000fbc80000,0x00000000fbc80000,0x00000000fce80000)
 ParOldGen       total 60928K, used 27972K [0x00000000e0000000, 0x00000000e3b80000, 0x00000000f5580000)
  object space 60928K, 45% used [0x00000000e0000000,0x00000000e1b510b0,0x00000000e3b80000)
 Metaspace       used 27176K, capacity 27446K, committed 27776K, reserved 1073152K
  class space    used 3096K, capacity 3168K, committed 3200K, reserved 1048576K
}
Event: 12.811 GC heap before
{Heap before GC invocations=12 (full 2):
 PSYoungGen      total 68096K, used 57344K [0x00000000f5580000, 0x00000000fce80000, 0x0000000100000000)
  eden space 57344K, 100% used [0x00000000f5580000,0x00000000f8d80000,0x00000000f8d80000)
  from space 10752K, 0% used [0x00000000f8d80000,0x00000000f8d80000,0x00000000f9800000)
  to   space 18432K, 0% used [0x00000000fbc80000,0x00000000fbc80000,0x00000000fce80000)
 ParOldGen       total 60928K, used 27972K [0x00000000e0000000, 0x00000000e3b80000, 0x00000000f5580000)
  object space 60928K, 45% used [0x00000000e0000000,0x00000000e1b510b0,0x00000000e3b80000)
 Metaspace       used 27857K, capacity 28150K, committed 28544K, reserved 1075200K
  class space    used 3104K, capacity 3168K, committed 3200K, reserved 1048576K
Event: 12.841 GC heap after
Heap after GC invocations=12 (full 2):
 PSYoungGen      total 98816K, used 18414K [0x00000000f5580000, 0x00000000fd700000, 0x0000000100000000)
  eden space 80384K, 0% used [0x00000000f5580000,0x00000000f5580000,0x00000000fa400000)
  from space 18432K, 99% used [0x00000000fbc80000,0x00000000fce7b830,0x00000000fce80000)
  to   space 25088K, 0% used [0x00000000fa400000,0x00000000fa400000,0x00000000fbc80000)
 ParOldGen       total 60928K, used 37199K [0x00000000e0000000, 0x00000000e3b80000, 0x00000000f5580000)
  object space 60928K, 61% used [0x00000000e0000000,0x00000000e2453ce8,0x00000000e3b80000)
 Metaspace       used 27857K, capacity 28150K, committed 28544K, reserved 1075200K
  class space    used 3104K, capacity 3168K, committed 3200K, reserved 1048576K
}
Event: 14.260 GC heap before
{Heap before GC invocations=13 (full 2):
 PSYoungGen      total 98816K, used 98798K [0x00000000f5580000, 0x00000000fd700000, 0x0000000100000000)
  eden space 80384K, 100% used [0x00000000f5580000,0x00000000fa400000,0x00000000fa400000)
  from space 18432K, 99% used [0x00000000fbc80000,0x00000000fce7b830,0x00000000fce80000)
  to   space 25088K, 0% used [0x00000000fa400000,0x00000000fa400000,0x00000000fbc80000)
 ParOldGen       total 60928K, used 37199K [0x00000000e0000000, 0x00000000e3b80000, 0x00000000f5580000)
  object space 60928K, 61% used [0x00000000e0000000,0x00000000e2453ce8,0x00000000e3b80000)
 Metaspace       used 30118K, capacity 30412K, committed 30720K, reserved 1077248K
  class space    used 3378K, capacity 3469K, committed 3584K, reserved 1048576K
Event: 14.304 GC heap after
Heap after GC invocations=13 (full 2):
 PSYoungGen      total 105472K, used 20446K [0x00000000f5580000, 0x00000000ffa80000, 0x0000000100000000)
  eden space 80384K, 0% used [0x00000000f5580000,0x00000000f5580000,0x00000000fa400000)
  from space 25088K, 81% used [0x00000000fa400000,0x00000000fb7f78d0,0x00000000fbc80000)
  to   space 27136K, 0% used [0x00000000fe000000,0x00000000fe000000,0x00000000ffa80000)
 ParOldGen       total 60928K, used 57390K [0x00000000e0000000, 0x00000000e3b80000, 0x00000000f5580000)
  object space 60928K, 94% used [0x00000000e0000000,0x00000000e380b938,0x00000000e3b80000)
 Metaspace       used 30118K, capacity 30412K, committed 30720K, reserved 1077248K
  class space    used 3378K, capacity 3469K, committed 3584K, reserved 1048576K
}
Event: 14.304 GC heap before
{Heap before GC invocations=14 (full 3):
 PSYoungGen      total 105472K, used 20446K [0x00000000f5580000, 0x00000000ffa80000, 0x0000000100000000)
  eden space 80384K, 0% used [0x00000000f5580000,0x00000000f5580000,0x00000000fa400000)
  from space 25088K, 81% used [0x00000000fa400000,0x00000000fb7f78d0,0x00000000fbc80000)
  to   space 27136K, 0% used [0x00000000fe000000,0x00000000fe000000,0x00000000ffa80000)
 ParOldGen       total 60928K, used 57390K [0x00000000e0000000, 0x00000000e3b80000, 0x00000000f5580000)
  object space 60928K, 94% used [0x00000000e0000000,0x00000000e380b938,0x00000000e3b80000)
 Metaspace       used 30118K, capacity 30412K, committed 30720K, reserved 1077248K
  class space    used 3378K, capacity 3469K, committed 3584K, reserved 1048576K
Event: 14.475 GC heap after
Heap after GC invocations=14 (full 3):
 PSYoungGen      total 105472K, used 0K [0x00000000f5580000, 0x00000000ffa80000, 0x0000000100000000)
  eden space 80384K, 0% used [0x00000000f5580000,0x00000000f5580000,0x00000000fa400000)
  from space 25088K, 0% used [0x00000000fa400000,0x00000000fa400000,0x00000000fbc80000)
  to   space 27136K, 0% used [0x00000000fe000000,0x00000000fe000000,0x00000000ffa80000)
 ParOldGen       total 65536K, used 19775K [0x00000000e0000000, 0x00000000e4000000, 0x00000000f5580000)
  object space 65536K, 30% used [0x00000000e0000000,0x00000000e134ff50,0x00000000e4000000)
 Metaspace       used 30118K, capacity 30412K, committed 30720K, reserved 1077248K
  class space    used 3378K, capacity 3469K, committed 3584K, reserved 1048576K
}

Deoptimization events (10 events):
Event: 14.621 Thread 0x000000001686f000 Uncommon trap: reason=class_check action=maybe_recompile pc=0x00000000038c3d40 method=com.google.gwt.dev.jdt.TypeRefVisitor.maybeDispatch(Lorg/eclipse/jdt/internal/compiler/ast/Expression;Lorg/eclipse/jdt/internal/compiler/lookup/TypeBinding;)V @ 81
Event: 14.623 Thread 0x000000001686f000 Uncommon trap: reason=speculate_class_check action=maybe_recompile pc=0x0000000003a499bc method=org.eclipse.jdt.internal.compiler.lookup.Binding.isValidBinding()Z @ 1
Event: 14.624 Thread 0x000000001686f000 Uncommon trap: reason=speculate_class_check action=maybe_recompile pc=0x0000000003a499bc method=org.eclipse.jdt.internal.compiler.lookup.Binding.isValidBinding()Z @ 1
Event: 14.625 Thread 0x000000001686f000 Uncommon trap: reason=class_check action=maybe_recompile pc=0x00000000038c5d78 method=com.google.gwt.dev.jdt.TypeRefVisitor.maybeDispatch(Lorg/eclipse/jdt/internal/compiler/ast/Expression;Lorg/eclipse/jdt/internal/compiler/lookup/TypeBinding;)V @ 81
Event: 14.627 Thread 0x000000001686f000 Uncommon trap: reason=speculate_class_check action=maybe_recompile pc=0x0000000003a499bc method=org.eclipse.jdt.internal.compiler.lookup.Binding.isValidBinding()Z @ 1
Event: 14.627 Thread 0x000000001686f000 Uncommon trap: reason=speculate_class_check action=maybe_recompile pc=0x0000000003a499bc method=org.eclipse.jdt.internal.compiler.lookup.Binding.isValidBinding()Z @ 1
Event: 14.641 Thread 0x000000001686f000 Uncommon trap: reason=bimorphic action=maybe_recompile pc=0x0000000003ab9bb8 method=org.eclipse.jdt.internal.compiler.lookup.LookupEnvironment.convertToRawType(Lorg/eclipse/jdt/internal/compiler/lookup/TypeBinding;Z)Lorg/eclipse/jdt/internal/compiler/lookuУ¶;п<H-@
Event: 14.641 Thread 0x000000001686f000 Uncommon trap: reason=bimorphic action=maybe_recompile pc=0x0000000003ab9bb8 method=org.eclipse.jdt.internal.compiler.lookup.LookupEnvironment.convertToRawType(Lorg/eclipse/jdt/internal/compiler/lookup/TypeBinding;Z)Lorg/eclipse/jdt/internal/compiler/looku
Event: 14.642 Thread 0x000000001686f000 Uncommon trap: reason=bimorphic action=maybe_recompile pc=0x0000000003ab9bb8 method=org.eclipse.jdt.internal.compiler.lookup.LookupEnvironment.convertToRawType(Lorg/eclipse/jdt/internal/compiler/lookup/TypeBinding;Z)Lorg/eclipse/jdt/internal/compiler/lookuIй@”$I-@
Event: 14.643 Thread 0x000000001686f000 Uncommon trap: reason=bimorphic action=maybe_recompile pc=0x0000000003ab9bb8 method=org.eclipse.jdt.internal.compiler.lookup.LookupEnvironment.convertToRawType(Lorg/eclipse/jdt/internal/compiler/lookup/TypeBinding;Z)Lorg/eclipse/jdt/internal/compiler/looku5	Чц=-@

Internal exceptions (10 events):
Event: 14.623 Thread 0x000000001686f000 Exception <a 'java/security/PrivilegedActionException'> (0x00000000f697c3a0) thrown at [C:\re\workspace\8-2-build-windows-amd64-cygwin\jdk8u91\7017\hotspot\src\share\vm\prims\jvm.cpp, line 1386]
Event: 14.623 Thread 0x000000001686f000 Exception <a 'java/security/PrivilegedActionException'> (0x00000000f697c798) thrown at [C:\re\workspace\8-2-build-windows-amd64-cygwin\jdk8u91\7017\hotspot\src\share\vm\prims\jvm.cpp, line 1386]
Event: 14.624 Thread 0x000000001686f000 Exception <a 'java/security/PrivilegedActionException'> (0x00000000f6983908) thrown at [C:\re\workspace\8-2-build-windows-amd64-cygwin\jdk8u91\7017\hotspot\src\share\vm\prims\jvm.cpp, line 1386]
Event: 14.624 Thread 0x000000001686f000 Exception <a 'java/security/PrivilegedActionException'> (0x00000000f6983d00) thrown at [C:\re\workspace\8-2-build-windows-amd64-cygwin\jdk8u91\7017\hotspot\src\share\vm\prims\jvm.cpp, line 1386]
Event: 14.624 Thread 0x000000001686f000 Exception <a 'java/security/PrivilegedActionException'> (0x00000000f6985710) thrown at [C:\re\workspace\8-2-build-windows-amd64-cygwin\jdk8u91\7017\hotspot\src\share\vm\prims\jvm.cpp, line 1386]
Event: 14.624 Thread 0x000000001686f000 Exception <a 'java/security/PrivilegedActionException'> (0x00000000f6985b08) thrown at [C:\re\workspace\8-2-build-windows-amd64-cygwin\jdk8u91\7017\hotspot\src\share\vm\prims\jvm.cpp, line 1386]
Event: 14.644 Thread 0x000000001686f000 Exception <a 'java/security/PrivilegedActionException'> (0x00000000f69e88e8) thrown at [C:\re\workspace\8-2-build-windows-amd64-cygwin\jdk8u91\7017\hotspot\src\share\vm\prims\jvm.cpp, line 1386]
Event: 14.644 Thread 0x000000001686f000 Exception <a 'java/security/PrivilegedActionException'> (0x00000000f69e8ce0) thrown at [C:\re\workspace\8-2-build-windows-amd64-cygwin\jdk8u91\7017\hotspot\src\share\vm\prims\jvm.cpp, line 1386]
Event: 14.644 Thread 0x000000001686f000 Exception <a 'java/security/PrivilegedActionException'> (0x00000000f69ea728) thrown at [C:\re\workspace\8-2-build-windows-amd64-cygwin\jdk8u91\7017\hotspot\src\share\vm\prims\jvm.cpp, line 1386]
Event: 14.644 Thread 0x000000001686f000 Exception <a 'java/security/PrivilegedActionException'> (0x00000000f69eab20) thrown at [C:\re\workspace\8-2-build-windows-amd64-cygwin\jdk8u91\7017\hotspot\src\share\vm\prims\jvm.cpp, line 1386]

Events (10 events):
Event: 22.013 Executing VM operation: GetCurrentLocation
Event: 22.013 Executing VM operation: GetCurrentLocation done
Event: 22.014 Executing VM operation: ChangeSingleStep
Event: 22.014 Executing VM operation: ChangeSingleStep done
Event: 22.016 Executing VM operation: ChangeSingleStep
Event: 22.016 Executing VM operation: ChangeSingleStep done
Event: 22.017 Executing VM operation: GetCurrentLocation
Event: 22.017 Executing VM operation: GetCurrentLocation done
Event: 22.017 Executing VM operation: ChangeSingleStep
Event: 22.017 Executing VM operation: ChangeSingleStep done


Dynamic libraries:
0x000000013f8a0000 - 0x000000013f8d7000 	C:\Program Files\Java\jdk1.8.0_91\jre\bin\java.exe
0x0000000076f20000 - 0x00000000770ca000 	C:\Windows\SYSTEM32\ntdll.dll
0x0000000076d00000 - 0x0000000076e1f000 	C:\Windows\system32\kernel32.dll
0x000007fefcdb0000 - 0x000007fefce1b000 	C:\Windows\system32\KERNELBASE.dll
0x000007fefde30000 - 0x000007fefdf0b000 	C:\Windows\system32\ADVAPI32.dll
0x000007fefebf0000 - 0x000007fefec8f000 	C:\Windows\system32\msvcrt.dll
0x000007fefeb50000 - 0x000007fefeb6f000 	C:\Windows\SYSTEM32\sechost.dll
0x000007fefe170000 - 0x000007fefe29d000 	C:\Windows\system32\RPCRT4.dll
0x0000000076e20000 - 0x0000000076f1a000 	C:\Windows\system32\USER32.dll
0x000007feff1c0000 - 0x000007feff227000 	C:\Windows\system32\GDI32.dll
0x000007fefeb40000 - 0x000007fefeb4e000 	C:\Windows\system32\LPK.dll
0x000007fefed80000 - 0x000007fefee49000 	C:\Windows\system32\USP10.dll
0x000007fefb680000 - 0x000007fefb874000 	C:\Windows\WinSxS\amd64_microsoft.windows.common-controls_6595b64144ccf1df_6.0.7601.17514_none_fa396087175ac9ac\COMCTL32.dll
0x000007fefe990000 - 0x000007fefea01000 	C:\Windows\system32\SHLWAPI.dll
0x000007fefeab0000 - 0x000007fefeade000 	C:\Windows\system32\IMM32.DLL
0x000007fefe860000 - 0x000007fefe969000 	C:\Windows\system32\MSCTF.dll
0x0000000051cd0000 - 0x0000000051da2000 	C:\Program Files\Java\jdk1.8.0_91\jre\bin\msvcr100.dll
0x00000000503d0000 - 0x0000000050c63000 	C:\Program Files\Java\jdk1.8.0_91\jre\bin\server\jvm.dll
0x000007fef65c0000 - 0x000007fef65c9000 	C:\Windows\system32\WSOCK32.dll
0x000007fefed30000 - 0x000007fefed7d000 	C:\Windows\system32\WS2_32.dll
0x000007fefde20000 - 0x000007fefde28000 	C:\Windows\system32\NSI.dll
0x000007fef8fc0000 - 0x000007fef8ffb000 	C:\Windows\system32\WINMM.dll
0x000007fefc5a0000 - 0x000007fefc5ac000 	C:\Windows\system32\VERSION.dll
0x00000000770e0000 - 0x00000000770e7000 	C:\Windows\system32\PSAPI.DLL
0x000000005b740000 - 0x000000005b74f000 	C:\Program Files\Java\jdk1.8.0_91\jre\bin\verify.dll
0x0000000053580000 - 0x00000000535a9000 	C:\Program Files\Java\jdk1.8.0_91\jre\bin\java.dll
0x000000005fc20000 - 0x000000005fc55000 	C:\Program Files\Java\jdk1.8.0_91\jre\bin\jdwp.dll
0x0000000060c10000 - 0x0000000060c18000 	C:\Program Files\Java\jdk1.8.0_91\jre\bin\npt.dll
0x0000000058d20000 - 0x0000000058d36000 	C:\Program Files\Java\jdk1.8.0_91\jre\bin\zip.dll
0x000007fefd090000 - 0x000007fefde18000 	C:\Windows\system32\SHELL32.dll
0x000007fefe650000 - 0x000007fefe853000 	C:\Windows\system32\ole32.dll
0x000007fefccd0000 - 0x000007fefccdf000 	C:\Windows\system32\profapi.dll
0x0000000060c00000 - 0x0000000060c09000 	C:\Program Files\Java\jdk1.8.0_91\jre\bin\dt_socket.dll
0x000007fefc1b0000 - 0x000007fefc205000 	C:\Windows\system32\mswsock.dll
0x000007fefc840000 - 0x000007fefc847000 	C:\Windows\System32\wshtcpip.dll
0x00000000570b0000 - 0x00000000570ca000 	C:\Program Files\Java\jdk1.8.0_91\jre\bin\net.dll
0x000007fefc1a0000 - 0x000007fefc1a7000 	C:\Windows\System32\wship6.dll
0x0000000051b30000 - 0x0000000051cc8000 	C:\Program Files\Java\jdk1.8.0_91\jre\bin\awt.dll
0x000007fefe570000 - 0x000007fefe647000 	C:\Windows\system32\OLEAUT32.dll
0x000007fefae80000 - 0x000007fefaed6000 	C:\Windows\system32\uxtheme.dll
0x000007fefaa70000 - 0x000007fefaa88000 	C:\Windows\system32\dwmapi.dll
0x000007fefcb70000 - 0x000007fefcb7f000 	C:\Windows\system32\CRYPTBASE.dll
0x0000000180000000 - 0x000000018018e000 	Q:\Программы\ABBY Lingvo\ABBYY Lingvo x5 «20 языков» Professional 15.0.826.5 RePack by D!akov\prog1\ABBYY Lingvo x5\LvHook64.dll
0x000007fedd2e0000 - 0x000007fedd2f0000 	Q:\Программы\ABBY Lingvo\ABBYY Lingvo x5 «20 языков» Professional 15.0.826.5 RePack by D!akov\prog1\ABBYY Lingvo x5\Detoured64.dll
0x000007fee17a0000 - 0x000007fee17a7000 	C:\Windows\system32\MSIMG32.dll
0x000007fefd000000 - 0x000007fefd01e000 	C:\Windows\system32\USERENV.dll
0x000007fed13a0000 - 0x000007fed159f000 	C:\Windows\system32\d3d9.dll
0x000007fed1390000 - 0x000007fed1397000 	C:\Windows\system32\d3d8thk.dll
0x0000000071cb0000 - 0x0000000071d78000 	C:\Windows\system32\aticfx64.dll
0x000007fed1380000 - 0x000007fed138d000 	C:\Windows\system32\atiu9p64.dll
0x00000000592a0000 - 0x00000000597d9000 	C:\Windows\system32\atiumd64.dll
0x0000000059950000 - 0x0000000059d1a000 	C:\Windows\system32\atiumd6a.dll
0x0000000060cc0000 - 0x0000000060d07000 	C:\Program Files\Java\jdk1.8.0_91\jre\bin\fontmanager.dll
0x0000000053560000 - 0x0000000053571000 	C:\Program Files\Java\jdk1.8.0_91\jre\bin\nio.dll
0x0000000060c50000 - 0x0000000060c92000 	C:\Program Files\Java\jdk1.8.0_91\jre\bin\t2k.dll
0x0000000015e70000 - 0x0000000015ed5000 	C:\Program Files\WIDCOMM\Bluetooth Software\btmmhook.dll
0x000007fefec90000 - 0x000007fefed29000 	C:\Windows\system32\CLBCatQ.DLL
0x000007fefa8c0000 - 0x000007fefaa21000 	C:\Windows\system32\WindowsCodecs.dll
0x000007fefcb10000 - 0x000007fefcb67000 	C:\Windows\system32\apphelp.dll
0x000007fef5950000 - 0x000007fef5ae6000 	C:\Users\Vlad\AppData\Local\Microsoft\OneDrive\17.3.6390.0509_3\amd64\FileSyncShell64.dll
0x000007fef58a0000 - 0x000007fef5946000 	C:\Users\Vlad\AppData\Local\Microsoft\OneDrive\17.3.6390.0509_3\amd64\MSVCP120.dll
0x000007fef57b0000 - 0x000007fef589f000 	C:\Users\Vlad\AppData\Local\Microsoft\OneDrive\17.3.6390.0509_3\amd64\MSVCR120.dll
0x000007fefdf10000 - 0x000007fefe16a000 	C:\Windows\system32\WININET.dll
0x000007fefd040000 - 0x000007fefd044000 	C:\Windows\system32\api-ms-win-downlevel-user32-l1-1-0.dll
0x000007fefcfd0000 - 0x000007fefcfd4000 	C:\Windows\system32\api-ms-win-downlevel-shlwapi-l1-1-0.dll
0x000007fefcda0000 - 0x000007fefcda4000 	C:\Windows\system32\api-ms-win-downlevel-version-l1-1-0.dll
0x000007fefcfe0000 - 0x000007fefcfe3000 	C:\Windows\system32\api-ms-win-downlevel-normaliz-l1-1-0.dll
0x00000000770f0000 - 0x00000000770f3000 	C:\Windows\system32\normaliz.DLL
0x000007fefe2a0000 - 0x000007fefe567000 	C:\Windows\system32\iertutil.dll
0x000007fefcff0000 - 0x000007fefcff5000 	C:\Windows\system32\api-ms-win-downlevel-advapi32-l1-1-0.dll
0x000007fef5770000 - 0x000007fef57a4000 	C:\Users\Vlad\AppData\Local\Microsoft\OneDrive\17.3.6390.0509_3\amd64\LoggingPlatform64.DLL
0x000007fef5680000 - 0x000007fef5770000 	C:\Users\Vlad\AppData\Local\Microsoft\OneDrive\17.3.6390.0509_3\amd64\ClientTelemetry.dll
0x000007fefa210000 - 0x000007fefa237000 	C:\Windows\system32\IPHLPAPI.DLL
0x000007fefa200000 - 0x000007fefa20b000 	C:\Windows\system32\WINNSI.DLL
0x000007fefc7f0000 - 0x000007fefc81c000 	C:\Windows\system32\POWRPROF.dll
0x000007fefee50000 - 0x000007feff027000 	C:\Windows\system32\SETUPAPI.dll
0x000007fefcf90000 - 0x000007fefcfc6000 	C:\Windows\system32\CFGMGR32.dll
0x000007fefd020000 - 0x000007fefd03a000 	C:\Windows\system32\DEVOBJ.dll
0x000007fef5640000 - 0x000007fef5675000 	C:\Windows\system32\EhStorShell.dll
0x000007fefb420000 - 0x000007fefb54c000 	C:\Windows\system32\PROPSYS.dll
0x000007fef55c0000 - 0x000007fef563e000 	C:\Windows\System32\cscui.dll
0x000007fef64a0000 - 0x000007fef64ac000 	C:\Windows\System32\CSCDLL.dll
0x000007fef40a0000 - 0x000007fef40af000 	C:\Windows\system32\CSCAPI.dll
0x000007fef4020000 - 0x000007fef40a0000 	C:\Windows\system32\ntshrui.dll
0x000007fefca10000 - 0x000007fefca33000 	C:\Windows\system32\srvcli.dll
0x000007fefaf50000 - 0x000007fefaf5b000 	C:\Windows\system32\slc.dll
0x000007fef4010000 - 0x000007fef4018000 	C:\Windows\system32\IconCodecService.dll
0x000007fefc0e0000 - 0x000007fefc13b000 	C:\Windows\system32\DNSAPI.dll
0x000007fef9450000 - 0x000007fef947f000 	C:\Program Files\Common Files\Microsoft Shared\Windows Live\WLIDNSP.DLL
0x00000000733b0000 - 0x00000000733d6000 	C:\Program Files\Bonjour\mdnsNSP.dll
0x000007fef9560000 - 0x000007fef9568000 	C:\Windows\system32\rasadhlp.dll
0x000007fefa030000 - 0x000007fefa083000 	C:\Windows\System32\fwpuclnt.dll
0x000007fefc210000 - 0x000007fefc227000 	C:\Windows\system32\CRYPTSP.dll
0x000007fefbef0000 - 0x000007fefbf37000 	C:\Windows\system32\rsaenh.dll
0x000007fefa000000 - 0x000007fefa011000 	C:\Windows\system32\dhcpcsvc6.DLL
0x000007fef9fe0000 - 0x000007fef9ff8000 	C:\Windows\system32\dhcpcsvc.DLL
0x000007fefa2f0000 - 0x000007fefa415000 	C:\Windows\system32\dbghelp.dll

VM Arguments:
jvm_args: -Xmx512m -Xdebug -Xnoagent -Djava.compiler=NONE -Xrunjdwp:transport=dt_socket,server=y,address=8000,suspend=y 
java_command: com.google.gwt.dev.DevMode -war Q:\Документы\Биллинговые системы\mavenproject1\target\mavenproject1-1.0-SNAPSHOT -gen Q:\Документы\Биллинговые системы\mavenproject1\target\.generated -logLevel INFO -port 8888 -startupUrl welcomeGWT.html org.yournamehere.Main
java_class_path (initial): Q:\Документы\Биллинговые системы\mavenproject1\src\main\java;Q:\Документы\Биллинговые системы\mavenproject1\src\main\resources;Q:\Документы\Биллинговые системы\mavenproject1\target\classes;C:\Users\Vlad\.m2\repository\javax\javaee-web-api\7.0\javaee-web-api-7.0.jar;C:\Users\Vlad\.m2\repository\com\google\gwt\gwt-servlet\2.0.3\gwt-servlet-2.0.3.jar;C:\Users\Vlad\.m2\repository\com\google\gwt\gwt-user\2.0.3\gwt-user-2.0.3.jar;C:\Users\Vlad\.m2\repository\com\google\gwt\gwt-dev\2.0.3\gwt-dev-2.0.3.jar
Launcher Type: SUN_STANDARD

Environment Variables:
JAVA_HOME=C:\Program Files\Java\jdk1.8.0_91
USERNAME=Vlad
OS=Windows_NT
PROCESSOR_IDENTIFIER=Intel64 Family 6 Model 42 Stepping 7, GenuineIntel



---------------  S Y S T E M  ---------------

OS: Windows 7 , 64 bit Build 7601 (6.1.7601.22436)

CPU:total 4 (2 cores per cpu, 2 threads per core) family 6 model 42 stepping 7, cmov, cx8, fxsr, mmx, sse, sse2, sse3, ssse3, sse4.1, sse4.2, popcnt, avx, aes, clmul, ht, tsc, tscinvbit

Memory: 4k page, physical 4103308k(608548k free), swap 9589312k(1464100k free)

vm_info: Java HotSpot(TM) 64-Bit Server VM (25.91-b15) for windows-amd64 JRE (1.8.0_91-b15), built on May 20 2016 17:43:15 by "java_re" with MS VC++ 10.0 (VS2010)

time: Sun Sep 25 01:43:10 2016
elapsed time: 22 seconds (0d 0h 0m 22s)

